#
# A fatal error has been detected by the Java Runtime Environment:
#
#  EXCEPTION_ACCESS_VIOLATION (0xc0000005) at pc=0x0000000002408b35, pid=12280, tid=12364
#
# JRE version: Java(TM) SE Runtime Environment (8.0_66-b18) (build 1.8.0_66-b18)
# Java VM: Java HotSpot(TM) 64-Bit Server VM (25.66-b18 mixed mode windows-amd64 compressed oops)
# Problematic frame:
# V  [jvm.dll+0x128b35]
#
# Failed to write core dump. Minidumps are not enabled by default on client versions of Windows
#
# If you would like to submit a bug report, please visit:
#   http://bugreport.java.com/bugreport/crash.jsp
#

---------------  T H R E A D  ---------------

Current thread (0x000000001e0d9000):  JavaThread "JDWP Transport Listener: dt_socket" daemon [_thread_in_vm, id=12364, stack(0x000000001fb00000,0x000000001fc00000)]

siginfo: ExceptionCode=0xc0000005, reading address 0xffffffffffffffff

Registers:
RAX=0x000000001fbff401, RBX=0x000000001e0d9000, RCX=0x6f4c657469725764, RDX=0x0000000000000000
RSP=0x000000001fbff420, RBP=0x6f4c657469725764, RSI=0x000000001fbff538, RDI=0x000000000223bc30
R8 =0x000000001e0d9000, R9 =0x000000000000ff00, R10=0x6e6f707365526c75, R11=0x030000c101460003
R12=0x0000000000000000, R13=0x000000001e0d9a38, R14=0x0000000000000000, R15=0x0000000000000000
RIP=0x0000000002408b35, EFLAGS=0x0000000000010202

Top of Stack: (sp=0x000000001fbff420)
0x000000001fbff420:   000000001e0d9000 000000001e0d9000
0x000000001fbff430:   000000001fbff4e8 000000000260e2eb
0x000000001fbff440:   000000001e0d9000 000000000262ab4d
0x000000001fbff450:   00000000000000af 00000000664b9155
0x000000001fbff460:   0000000020f11608 00000000664c291e
0x000000001fbff470:   000000001e0d9000 0000000000000000
0x000000001fbff480:   0000000000000000 0000000000000000
0x000000001fbff490:   6f4c657469725764 00000000664c1a15
0x000000001fbff4a0:   000000001fbff538 000000001fbff510
0x000000001fbff4b0:   0000000000000001 0000000020f11608
0x000000001fbff4c0:   6f4c657469725764 00000000664a53b3
0x000000001fbff4d0:   000000001fbff600 0000000000000001
0x000000001fbff4e0:   0000000000000001 0000000020f11608
0x000000001fbff4f0:   0000000000000002 0000000000000000
0x000000001fbff500:   0000000000000000 0000000000000000
0x000000001fbff510:   0000000000000001 00000000664a5571 

Instructions: (pc=0x0000000002408b35)
0x0000000002408b15:   cc cc cc cc cc cc cc cc cc cc cc 48 83 ec 28 48
0x0000000002408b25:   85 c9 75 07 33 c0 48 83 c4 28 c3 48 89 5c 24 20
0x0000000002408b35:   48 8b 19 48 85 db 74 20 48 83 fb 37 74 1a 48 8b
0x0000000002408b45:   13 48 8b cb ff 52 10 84 c0 74 0d 48 8b c3 48 8b 


Register to memory mapping:

RAX=0x000000001fbff401 is pointing into the stack for thread: 0x000000001e0d9000
RBX=0x000000001e0d9000 is a thread
RCX=0x6f4c657469725764 is an unknown value
RDX=0x0000000000000000 is an unknown value
RSP=0x000000001fbff420 is pointing into the stack for thread: 0x000000001e0d9000
RBP=0x6f4c657469725764 is an unknown value
RSI=0x000000001fbff538 is pointing into the stack for thread: 0x000000001e0d9000
RDI=0x000000000223bc30 is an unknown value
R8 =0x000000001e0d9000 is a thread
R9 =0x000000000000ff00 is an unknown value
R10=0x6e6f707365526c75 is an unknown value
R11=0x030000c101460003 is an unknown value
R12=0x0000000000000000 is an unknown value
R13=0x000000001e0d9a38 is an unknown value
R14=0x0000000000000000 is an unknown value
R15=0x0000000000000000 is an unknown value


Stack: [0x000000001fb00000,0x000000001fc00000],  sp=0x000000001fbff420,  free space=1021k
Native frames: (J=compiled Java code, j=interpreted, Vv=VM code, C=native code)
V  [jvm.dll+0x128b35]
V  [jvm.dll+0x34ab4d]
C  [jdwp.dll+0x21a15]
C  [jdwp.dll+0x53b3]
C  [jdwp.dll+0x5571]
C  [jdwp.dll+0xf0a8]
C  [jdwp.dll+0x1f2d5]
C  [jdwp.dll+0x1f4aa]
V  [jvm.dll+0x1bba28]
V  [jvm.dll+0x243274]
V  [jvm.dll+0x29a0fa]
C  [msvcr100.dll+0x21d9f]
C  [msvcr100.dll+0x21e3b]
C  [kernel32.dll+0x159ed]
C  [ntdll.dll+0x2b371]


---------------  P R O C E S S  ---------------

Java Threads: ( => current thread )
  0x00000000255e9000 JavaThread "http-nio-8082-exec-4" daemon [_thread_blocked, id=8020, stack(0x000000002d820000,0x000000002d920000)]
  0x00000000255e8800 JavaThread "http-nio-8082-exec-3" daemon [_thread_blocked, id=14848, stack(0x00000000221d0000,0x00000000222d0000)]
  0x00000000255e0000 JavaThread "http-nio-8082-exec-2" daemon [_thread_blocked, id=11968, stack(0x000000002d6d0000,0x000000002d7d0000)]
  0x00000000255e7800 JavaThread "http-nio-8082-exec-1" daemon [_thread_blocked, id=14972, stack(0x000000002cb70000,0x000000002cc70000)]
  0x00000000255e7000 JavaThread "DestroyJavaVM" [_thread_blocked, id=10600, stack(0x0000000002d30000,0x0000000002e30000)]
  0x00000000255e6000 JavaThread "http-nio-8082-Acceptor-0" daemon [_thread_in_native, id=11932, stack(0x000000002de30000,0x000000002df30000)]
  0x00000000255e5800 JavaThread "http-nio-8082-ClientPoller-1" daemon [_thread_in_native, id=5364, stack(0x0000000024a00000,0x0000000024b00000)]
  0x00000000255e4800 JavaThread "http-nio-8082-ClientPoller-0" daemon [_thread_in_native, id=8232, stack(0x000000002dff0000,0x000000002e0f0000)]
  0x00000000255e4000 JavaThread "NioBlockingSelector.BlockPoller-1" daemon [_thread_in_native, id=14152, stack(0x0000000023920000,0x0000000023a20000)]
  0x000000002c324800 JavaThread "Abandoned connection cleanup thread" daemon [_thread_blocked, id=9340, stack(0x000000002b400000,0x000000002b500000)]
  0x000000002493e000 JavaThread "Tomcat JDBC Pool Cleaner[349885916:1460658411933]" daemon [_thread_blocked, id=12196, stack(0x00000000291d0000,0x00000000292d0000)]
  0x00000000248cf000 JavaThread "container-0" [_thread_blocked, id=11260, stack(0x0000000025ff0000,0x00000000260f0000)]
  0x000000002c502800 JavaThread "ContainerBackgroundProcessor[StandardEngine[Tomcat].StandardHost[localhost].StandardContext[/hztb]]" daemon [_thread_blocked, id=9508, stack(0x0000000026150000,0x0000000026250000)]
  0x0000000020ba9000 JavaThread "AsyncLogger-1" daemon [_thread_blocked, id=4776, stack(0x0000000021ec0000,0x0000000021fc0000)]
  0x000000001e188800 JavaThread "Service Thread" daemon [_thread_blocked, id=5708, stack(0x000000001f550000,0x000000001f650000)]
  0x000000001e12c000 JavaThread "C1 CompilerThread3" daemon [_thread_blocked, id=4548, stack(0x0000000004970000,0x0000000004a70000)]
  0x000000001e103800 JavaThread "C2 CompilerThread2" daemon [_thread_blocked, id=15208, stack(0x0000000020150000,0x0000000020250000)]
  0x000000001e100800 JavaThread "C2 CompilerThread1" daemon [_thread_blocked, id=13656, stack(0x000000001ff70000,0x0000000020070000)]
  0x000000001e0f5000 JavaThread "C2 CompilerThread0" daemon [_thread_blocked, id=11364, stack(0x000000001f430000,0x000000001f530000)]
  0x000000001e0e7800 JavaThread "JDWP Command Reader" daemon [_thread_in_native, id=11152, stack(0x000000001f780000,0x000000001f880000)]
  0x000000001e0e3800 JavaThread "JDWP Event Helper Thread" daemon [_thread_blocked, id=5792, stack(0x000000001fda0000,0x000000001fea0000)]
=>0x000000001e0d9000 JavaThread "JDWP Transport Listener: dt_socket" daemon [_thread_in_vm, id=12364, stack(0x000000001fb00000,0x000000001fc00000)]
  0x000000001e0ca800 JavaThread "Attach Listener" daemon [_thread_blocked, id=12436, stack(0x000000001f2f0000,0x000000001f3f0000)]
  0x000000001e0c9800 JavaThread "Signal Dispatcher" daemon [_thread_blocked, id=11348, stack(0x000000001ed10000,0x000000001ee10000)]
  0x000000000dc88800 JavaThread "Finalizer" daemon [_thread_blocked, id=13376, stack(0x000000001f130000,0x000000001f230000)]
  0x000000000dc81800 JavaThread "Reference Handler" daemon [_thread_blocked, id=8144, stack(0x000000001ef80000,0x000000001f080000)]

Other Threads:
  0x000000001e072000 VMThread [stack: 0x000000001ee30000,0x000000001ef30000] [id=5320]
  0x000000001e259800 WatcherThread [stack: 0x0000000020390000,0x0000000020490000] [id=13556]

VM state:not at safepoint (normal execution)

VM Mutex/Monitor currently owned by a thread: None

Heap:
 PSYoungGen      total 319488K, used 119526K [0x000000076c980000, 0x0000000786b80000, 0x00000007c0000000)
  eden space 288256K, 34% used [0x000000076c980000,0x00000007729529b8,0x000000077e300000)
  from space 31232K, 68% used [0x0000000780180000,0x0000000781667100,0x0000000782000000)
  to   space 31232K, 0% used [0x000000077e300000,0x000000077e300000,0x0000000780180000)
 ParOldGen       total 208896K, used 46731K [0x00000006c5c00000, 0x00000006d2800000, 0x000000076c980000)
  object space 208896K, 22% used [0x00000006c5c00000,0x00000006c89a2c60,0x00000006d2800000)
 Metaspace       used 55774K, capacity 56406K, committed 56832K, reserved 1099776K
  class space    used 7012K, capacity 7147K, committed 7168K, reserved 1048576K

Card table byte_map: [0x00000000034c0000,0x0000000003ca0000] byte_map_base: 0xffffffffffe92000

Marking Bits: (ParMarkBitMap*) 0x0000000002aea5b0
 Begin Bits: [0x0000000004d90000, 0x0000000008c20000)
 End Bits:   [0x0000000008c20000, 0x000000000cab0000)

Polling page: 0x0000000000340000

CodeCache: size=245760Kb used=18889Kb max_used=21094Kb free=226870Kb
 bounds [0x000000000f010000, 0x00000000104e0000, 0x000000001e010000]
 total_blobs=5373 nmethods=4803 adapters=490
 compilation: enabled

Compilation events (10 events):
Event: 330.443 Thread 0x000000001e12c000 5908       1       org.apache.tomcat.util.net.NioChannel::getIOChannel (5 bytes)
Event: 330.444 Thread 0x000000001e12c000 nmethod 5908 0x000000000f23de90 code [0x000000000f23dfe0, 0x000000000f23e0f0]
Event: 330.446 Thread 0x000000001e12c000 5909       1       sun.nio.ch.SelectionKeyImpl::selector (5 bytes)
Event: 330.446 Thread 0x000000001e12c000 nmethod 5909 0x000000000f3172d0 code [0x000000000f317420, 0x000000000f317530]
Event: 330.446 Thread 0x000000001e12c000 5910       1       org.apache.tomcat.util.net.NioChannel::getPoller (5 bytes)
Event: 330.447 Thread 0x000000001e12c000 nmethod 5910 0x000000000f317010 code [0x000000000f317160, 0x000000000f317270]
Event: 330.448 Thread 0x000000001e12c000 5911       1       org.apache.tomcat.util.net.NioEndpoint$Poller::getSelector (5 bytes)
Event: 330.448 Thread 0x000000001e12c000 nmethod 5911 0x000000000f316d10 code [0x000000000f316e60, 0x000000000f316f70]
Event: 330.449 Thread 0x000000001e103800 nmethod 5905 0x000000000f291fd0 code [0x000000000f292120, 0x000000000f2925f8]
Event: 330.453 Thread 0x000000001e100800 nmethod 5906 0x000000000f42bed0 code [0x000000000f42c020, 0x000000000f42c5b8]

GC Heap History (10 events):
Event: 1.816 GC heap before
{Heap before GC invocations=4 (full 1):
 PSYoungGen      total 139776K, used 10751K [0x000000076c980000, 0x000000077da80000, 0x00000007c0000000)
  eden space 129024K, 0% used [0x000000076c980000,0x000000076c980000,0x0000000774780000)
  from space 10752K, 99% used [0x0000000774780000,0x00000007751ffef8,0x0000000775200000)
  to   space 10752K, 0% used [0x000000077d000000,0x000000077d000000,0x000000077da80000)
 ParOldGen       total 172032K, used 32750K [0x00000006c5c00000, 0x00000006d0400000, 0x000000076c980000)
  object space 172032K, 19% used [0x00000006c5c00000,0x00000006c7bfb9e0,0x00000006d0400000)
 Metaspace       used 20868K, capacity 21074K, committed 21296K, reserved 1069056K
  class space    used 2538K, capacity 2598K, committed 2688K, reserved 1048576K
Event: 1.889 GC heap after
Heap after GC invocations=4 (full 1):
 PSYoungGen      total 139776K, used 0K [0x000000076c980000, 0x000000077da80000, 0x00000007c0000000)
  eden space 129024K, 0% used [0x000000076c980000,0x000000076c980000,0x0000000774780000)
  from space 10752K, 0% used [0x0000000774780000,0x0000000774780000,0x0000000775200000)
  to   space 10752K, 0% used [0x000000077d000000,0x000000077d000000,0x000000077da80000)
 ParOldGen       total 150528K, used 35533K [0x00000006c5c00000, 0x00000006cef00000, 0x000000076c980000)
  object space 150528K, 23% used [0x00000006c5c00000,0x00000006c7eb36b8,0x00000006cef00000)
 Metaspace       used 20868K, capacity 21074K, committed 21296K, reserved 1069056K
  class space    used 2538K, capacity 2598K, committed 2688K, reserved 1048576K
}
Event: 2.562 GC heap before
{Heap before GC invocations=5 (full 1):
 PSYoungGen      total 139776K, used 129024K [0x000000076c980000, 0x000000077da80000, 0x00000007c0000000)
  eden space 129024K, 100% used [0x000000076c980000,0x0000000774780000,0x0000000774780000)
  from space 10752K, 0% used [0x0000000774780000,0x0000000774780000,0x0000000775200000)
  to   space 10752K, 0% used [0x000000077d000000,0x000000077d000000,0x000000077da80000)
 ParOldGen       total 150528K, used 35533K [0x00000006c5c00000, 0x00000006cef00000, 0x000000076c980000)
  object space 150528K, 23% used [0x00000006c5c00000,0x00000006c7eb36b8,0x00000006cef00000)
 Metaspace       used 23433K, capacity 23668K, committed 24064K, reserved 1071104K
  class space    used 2886K, capacity 2961K, committed 3072K, reserved 1048576K
Event: 2.582 GC heap after
Heap after GC invocations=5 (full 1):
 PSYoungGen      total 204800K, used 7682K [0x000000076c980000, 0x000000077d800000, 0x00000007c0000000)
  eden space 196608K, 0% used [0x000000076c980000,0x000000076c980000,0x0000000778980000)
  from space 8192K, 93% used [0x000000077d000000,0x000000077d780830,0x000000077d800000)
  to   space 10752K, 0% used [0x000000077c300000,0x000000077c300000,0x000000077cd80000)
 ParOldGen       total 150528K, used 35541K [0x00000006c5c00000, 0x00000006cef00000, 0x000000076c980000)
  object space 150528K, 23% used [0x00000006c5c00000,0x00000006c7eb56b8,0x00000006cef00000)
 Metaspace       used 23433K, capacity 23668K, committed 24064K, reserved 1071104K
  class space    used 2886K, capacity 2961K, committed 3072K, reserved 1048576K
}
Event: 4.825 GC heap before
{Heap before GC invocations=6 (full 1):
 PSYoungGen      total 204800K, used 190608K [0x000000076c980000, 0x000000077d800000, 0x00000007c0000000)
  eden space 196608K, 93% used [0x000000076c980000,0x0000000777c23918,0x0000000778980000)
  from space 8192K, 93% used [0x000000077d000000,0x000000077d780830,0x000000077d800000)
  to   space 10752K, 0% used [0x000000077c300000,0x000000077c300000,0x000000077cd80000)
 ParOldGen       total 150528K, used 35541K [0x00000006c5c00000, 0x00000006cef00000, 0x000000076c980000)
  object space 150528K, 23% used [0x00000006c5c00000,0x00000006c7eb56b8,0x00000006cef00000)
 Metaspace       used 34927K, capacity 35152K, committed 35496K, reserved 1081344K
  class space    used 4232K, capacity 4283K, committed 4352K, reserved 1048576K
Event: 4.840 GC heap after
Heap after GC invocations=6 (full 1):
 PSYoungGen      total 266240K, used 10750K [0x000000076c980000, 0x0000000782000000, 0x00000007c0000000)
  eden space 255488K, 0% used [0x000000076c980000,0x000000076c980000,0x000000077c300000)
  from space 10752K, 99% used [0x000000077c300000,0x000000077cd7fb90,0x000000077cd80000)
  to   space 31232K, 0% used [0x0000000780180000,0x0000000780180000,0x0000000782000000)
 ParOldGen       total 150528K, used 40873K [0x00000006c5c00000, 0x00000006cef00000, 0x000000076c980000)
  object space 150528K, 27% used [0x00000006c5c00000,0x00000006c83ea638,0x00000006cef00000)
 Metaspace       used 34927K, capacity 35152K, committed 35496K, reserved 1081344K
  class space    used 4232K, capacity 4283K, committed 4352K, reserved 1048576K
}
Event: 4.840 GC heap before
{Heap before GC invocations=7 (full 2):
 PSYoungGen      total 266240K, used 10750K [0x000000076c980000, 0x0000000782000000, 0x00000007c0000000)
  eden space 255488K, 0% used [0x000000076c980000,0x000000076c980000,0x000000077c300000)
  from space 10752K, 99% used [0x000000077c300000,0x000000077cd7fb90,0x000000077cd80000)
  to   space 31232K, 0% used [0x0000000780180000,0x0000000780180000,0x0000000782000000)
 ParOldGen       total 150528K, used 40873K [0x00000006c5c00000, 0x00000006cef00000, 0x000000076c980000)
  object space 150528K, 27% used [0x00000006c5c00000,0x00000006c83ea638,0x00000006cef00000)
 Metaspace       used 34927K, capacity 35152K, committed 35496K, reserved 1081344K
  class space    used 4232K, capacity 4283K, committed 4352K, reserved 1048576K
Event: 4.940 GC heap after
Heap after GC invocations=7 (full 2):
 PSYoungGen      total 266240K, used 0K [0x000000076c980000, 0x0000000782000000, 0x00000007c0000000)
  eden space 255488K, 0% used [0x000000076c980000,0x000000076c980000,0x000000077c300000)
  from space 10752K, 0% used [0x000000077c300000,0x000000077c300000,0x000000077cd80000)
  to   space 31232K, 0% used [0x0000000780180000,0x0000000780180000,0x0000000782000000)
 ParOldGen       total 208896K, used 46723K [0x00000006c5c00000, 0x00000006d2800000, 0x000000076c980000)
  object space 208896K, 22% used [0x00000006c5c00000,0x00000006c89a0c60,0x00000006d2800000)
 Metaspace       used 34927K, capacity 35152K, committed 35496K, reserved 1081344K
  class space    used 4232K, capacity 4283K, committed 4352K, reserved 1048576K
}
Event: 9.020 GC heap before
{Heap before GC invocations=8 (full 2):
 PSYoungGen      total 266240K, used 255488K [0x000000076c980000, 0x0000000782000000, 0x00000007c0000000)
  eden space 255488K, 100% used [0x000000076c980000,0x000000077c300000,0x000000077c300000)
  from space 10752K, 0% used [0x000000077c300000,0x000000077c300000,0x000000077cd80000)
  to   space 31232K, 0% used [0x0000000780180000,0x0000000780180000,0x0000000782000000)
 ParOldGen       total 208896K, used 46723K [0x00000006c5c00000, 0x00000006d2800000, 0x000000076c980000)
  object space 208896K, 22% used [0x00000006c5c00000,0x00000006c89a0c60,0x00000006d2800000)
 Metaspace       used 51316K, capacity 51880K, committed 52224K, reserved 1095680K
  class space    used 6444K, capacity 6562K, committed 6656K, reserved 1048576K
Event: 9.047 GC heap after
Heap after GC invocations=8 (full 2):
 PSYoungGen      total 319488K, used 21404K [0x000000076c980000, 0x0000000786b80000, 0x00000007c0000000)
  eden space 288256K, 0% used [0x000000076c980000,0x000000076c980000,0x000000077e300000)
  from space 31232K, 68% used [0x0000000780180000,0x0000000781667100,0x0000000782000000)
  to   space 31232K, 0% used [0x000000077e300000,0x000000077e300000,0x0000000780180000)
 ParOldGen       total 208896K, used 46731K [0x00000006c5c00000, 0x00000006d2800000, 0x000000076c980000)
  object space 208896K, 22% used [0x00000006c5c00000,0x00000006c89a2c60,0x00000006d2800000)
 Metaspace       used 51316K, capacity 51880K, committed 52224K, reserved 1095680K
  class space    used 6444K, capacity 6562K, committed 6656K, reserved 1048576K
}

Deoptimization events (10 events):
Event: 77.732 Thread 0x00000000255e7800 Uncommon trap: reason=unhandled action=none pc=0x000000000fc0a420 method=java.net.URLClassLoader.findClass(Ljava/lang/String;)Ljava/lang/Class; @ 44
Event: 77.736 Thread 0x00000000255e7800 Uncommon trap: reason=unstable_if action=reinterpret pc=0x000000000fc1a080 method=java.lang.Throwable.getOurStackTrace()[Ljava/lang/StackTraceElement; @ 7
Event: 77.740 Thread 0x00000000255e7800 Uncommon trap: reason=bimorphic action=maybe_recompile pc=0x000000000fc8fc88 method=java.util.AbstractList$Itr.next()Ljava/lang/Object; @ 14
Event: 77.746 Thread 0x00000000255e7800 Uncommon trap: reason=range_check action=none pc=0x000000000f2ac164 method=sun.reflect.generics.parser.SignatureParser.current()C @ 34
Event: 77.747 Thread 0x00000000255e7800 Uncommon trap: reason=range_check action=none pc=0x000000000f2ac164 method=sun.reflect.generics.parser.SignatureParser.current()C @ 34
Event: 77.755 Thread 0x00000000255e7800 Uncommon trap: reason=unhandled action=none pc=0x000000000fc0a420 method=java.net.URLClassLoader.findClass(Ljava/lang/String;)Ljava/lang/Class; @ 44
Event: 93.749 Thread 0x000000002c502800 Uncommon trap: reason=bimorphic action=maybe_recompile pc=0x000000000ffce3b8 method=java.util.AbstractCollection.addAll(Ljava/util/Collection;)Z @ 29
Event: 104.012 Thread 0x00000000255e8800 Uncommon trap: reason=bimorphic action=maybe_recompile pc=0x000000000fc8fc88 method=java.util.AbstractList$Itr.next()Ljava/lang/Object; @ 14
Event: 104.013 Thread 0x00000000255e8800 Uncommon trap: reason=unstable_if action=reinterpret pc=0x00000000100abed0 method=org.apache.logging.log4j.core.config.FileConfigurationMonitor.checkConfiguration()V @ 25
Event: 123.755 Thread 0x000000002c502800 Uncommon trap: reason=bimorphic action=maybe_recompile pc=0x000000000ffce3b8 method=java.util.AbstractCollection.addAll(Ljava/util/Collection;)Z @ 29

Internal exceptions (10 events):
Event: 77.631 Thread 0x00000000255e7800 Exception <a 'java/lang/ArrayIndexOutOfBoundsException': 23> (0x0000000772203368) thrown at [C:\re\workspace\8-2-build-windows-amd64-cygwin\jdk8u66\5298\hotspot\src\share\vm\interpreter\interpreterRuntime.cpp, line 366]
Event: 77.631 Thread 0x00000000255e7800 Exception <a 'java/lang/ArrayIndexOutOfBoundsException': 40> (0x00000007722044c0) thrown at [C:\re\workspace\8-2-build-windows-amd64-cygwin\jdk8u66\5298\hotspot\src\share\vm\interpreter\interpreterRuntime.cpp, line 366]
Event: 77.631 Thread 0x00000000255e7800 Exception <a 'java/lang/ArrayIndexOutOfBoundsException': 94> (0x0000000772205dd8) thrown at [C:\re\workspace\8-2-build-windows-amd64-cygwin\jdk8u66\5298\hotspot\src\share\vm\interpreter\interpreterRuntime.cpp, line 366]
Event: 77.631 Thread 0x00000000255e7800 Exception <a 'java/lang/ArrayIndexOutOfBoundsException': 46> (0x0000000772207280) thrown at [C:\re\workspace\8-2-build-windows-amd64-cygwin\jdk8u66\5298\hotspot\src\share\vm\interpreter\interpreterRuntime.cpp, line 366]
Event: 77.632 Thread 0x00000000255e7800 Exception <a 'java/lang/reflect/InvocationTargetException'> (0x000000077220cb90) thrown at [C:\re\workspace\8-2-build-windows-amd64-cygwin\jdk8u66\5298\hotspot\src\share\vm\runtime\reflection.cpp, line 1092]
Event: 77.730 Thread 0x00000000255e7800 Exception <a 'java/lang/reflect/InvocationTargetException'> (0x0000000772226f30) thrown at [C:\re\workspace\8-2-build-windows-amd64-cygwin\jdk8u66\5298\hotspot\src\share\vm\runtime\reflection.cpp, line 1092]
Event: 77.746 Thread 0x00000000255e7800 Exception <a 'java/lang/ArrayIndexOutOfBoundsException': 96> (0x00000007722c7810) thrown at [C:\re\workspace\8-2-build-windows-amd64-cygwin\jdk8u66\5298\hotspot\src\share\vm\interpreter\interpreterRuntime.cpp, line 366]
Event: 77.747 Thread 0x00000000255e7800 Exception <a 'java/lang/ArrayIndexOutOfBoundsException': 59> (0x00000007722c9770) thrown at [C:\re\workspace\8-2-build-windows-amd64-cygwin\jdk8u66\5298\hotspot\src\share\vm\interpreter\interpreterRuntime.cpp, line 366]
Event: 330.340 Thread 0x00000000255e8800 Exception <a 'java/lang/reflect/InvocationTargetException'> (0x000000077243e5b8) thrown at [C:\re\workspace\8-2-build-windows-amd64-cygwin\jdk8u66\5298\hotspot\src\share\vm\runtime\reflection.cpp, line 1092]
Event: 330.427 Thread 0x00000000255e8800 Exception <a 'java/lang/reflect/InvocationTargetException'> (0x0000000772441ed8) thrown at [C:\re\workspace\8-2-build-windows-amd64-cygwin\jdk8u66\5298\hotspot\src\share\vm\runtime\reflection.cpp, line 1092]

Events (10 events):
Event: 330.433 Thread 0x00000000255e8800 DEOPT PACKING pc=0x000000000fe37f6c sp=0x00000000222cd580
Event: 330.433 Thread 0x00000000255e8800 DEOPT UNPACKING pc=0x000000000f05787f sp=0x00000000222cd320 mode 1
Event: 330.433 Thread 0x00000000255e8800 DEOPT PACKING pc=0x00000000102a2064 sp=0x00000000222cd650
Event: 330.433 Thread 0x00000000255e8800 DEOPT UNPACKING pc=0x000000000f05787f sp=0x00000000222cd510 mode 1
Event: 330.435 Executing VM operation: RevokeBias
Event: 330.435 Executing VM operation: RevokeBias done
Event: 330.437 Thread 0x000000001e12c000 flushing nmethod 0x000000000f90d090
Event: 330.438 Thread 0x000000001e12c000 flushing nmethod 0x000000000f992d10
Event: 362.638 Executing VM operation: RedefineClasses
Event: 362.677 Executing VM operation: RedefineClasses done


Dynamic libraries:
0x000000013fc30000 - 0x000000013fc67000 	C:\Program Files\Java\jdk1.8.0_66\bin\javaw.exe
0x00000000772b0000 - 0x000000007745a000 	C:\WINDOWS\SYSTEM32\ntdll.dll
0x0000000077090000 - 0x00000000771af000 	C:\WINDOWS\system32\kernel32.dll
0x000007fefd090000 - 0x000007fefd0fb000 	C:\WINDOWS\system32\KERNELBASE.dll
0x0000000074d40000 - 0x0000000074dc9000 	C:\WINDOWS\System32\SYSFER.DLL
0x000007fefd3f0000 - 0x000007fefd4cb000 	C:\WINDOWS\system32\ADVAPI32.dll
0x000007fefe590000 - 0x000007fefe62f000 	C:\WINDOWS\system32\msvcrt.dll
0x000007fefe9d0000 - 0x000007fefe9ef000 	C:\WINDOWS\SYSTEM32\sechost.dll
0x000007fefe430000 - 0x000007fefe55d000 	C:\WINDOWS\system32\RPCRT4.dll
0x00000000771b0000 - 0x00000000772aa000 	C:\WINDOWS\system32\USER32.dll
0x000007fefd4d0000 - 0x000007fefd537000 	C:\WINDOWS\system32\GDI32.dll
0x000007fefeae0000 - 0x000007fefeaee000 	C:\WINDOWS\system32\LPK.dll
0x000007fefe6b0000 - 0x000007fefe77a000 	C:\WINDOWS\system32\USP10.dll
0x000007fefb4e0000 - 0x000007fefb6d4000 	C:\WINDOWS\WinSxS\amd64_microsoft.windows.common-controls_6595b64144ccf1df_6.0.7601.18837_none_fa3b1e3d17594757\COMCTL32.dll
0x000007fefe2d0000 - 0x000007fefe341000 	C:\WINDOWS\system32\SHLWAPI.dll
0x000007fefe560000 - 0x000007fefe58e000 	C:\WINDOWS\system32\IMM32.DLL
0x000007fefed00000 - 0x000007fefee09000 	C:\WINDOWS\system32\MSCTF.dll
0x000007fefcf60000 - 0x000007fefcf91000 	C:\WINDOWS\system32\nvinitx.dll
0x000000000f000000 - 0x000000000f006000 	C:\Program Files\NVIDIA Corporation\CoProcManager\detoured.dll
0x000007fef75d0000 - 0x000007fef7602000 	C:\Program Files\NVIDIA Corporation\CoProcManager\nvd3d9wrapx.dll
0x000007fefe780000 - 0x000007fefe957000 	C:\WINDOWS\system32\SETUPAPI.dll
0x000007fefd2c0000 - 0x000007fefd2f6000 	C:\WINDOWS\system32\CFGMGR32.dll
0x000007fefe350000 - 0x000007fefe428000 	C:\WINDOWS\system32\OLEAUT32.dll
0x000007fefeaf0000 - 0x000007fefecf3000 	C:\WINDOWS\system32\ole32.dll
0x000007fefd050000 - 0x000007fefd06a000 	C:\WINDOWS\system32\DEVOBJ.dll
0x000007fef75a0000 - 0x000007fef75c2000 	C:\Program Files\NVIDIA Corporation\CoProcManager\nvdxgiwrapx.dll
0x00000000787b0000 - 0x0000000078882000 	C:\Program Files\Java\jdk1.8.0_66\jre\bin\msvcr100.dll
0x00000000022e0000 - 0x0000000002b69000 	C:\Program Files\Java\jdk1.8.0_66\jre\bin\server\jvm.dll
0x000007fef8f90000 - 0x000007fef8f99000 	C:\WINDOWS\system32\WSOCK32.dll
0x000007fefe9f0000 - 0x000007fefea3d000 	C:\WINDOWS\system32\WS2_32.dll
0x000007fefe960000 - 0x000007fefe968000 	C:\WINDOWS\system32\NSI.dll
0x000007fefa3b0000 - 0x000007fefa3eb000 	C:\WINDOWS\system32\WINMM.dll
0x000007fefc0b0000 - 0x000007fefc0bc000 	C:\WINDOWS\system32\VERSION.dll
0x0000000077470000 - 0x0000000077477000 	C:\WINDOWS\system32\PSAPI.DLL
0x0000000062640000 - 0x000000006264f000 	C:\Program Files\Java\jdk1.8.0_66\jre\bin\verify.dll
0x0000000062610000 - 0x0000000062639000 	C:\Program Files\Java\jdk1.8.0_66\jre\bin\java.dll
0x00000000664a0000 - 0x00000000664d5000 	C:\Program Files\Java\jdk1.8.0_66\jre\bin\jdwp.dll
0x0000000074130000 - 0x0000000074138000 	C:\Program Files\Java\jdk1.8.0_66\jre\bin\npt.dll
0x000000005f2e0000 - 0x000000005f2f6000 	C:\Program Files\Java\jdk1.8.0_66\jre\bin\zip.dll
0x000007fefd540000 - 0x000007fefe2c9000 	C:\WINDOWS\system32\SHELL32.dll
0x000007fefd030000 - 0x000007fefd03f000 	C:\WINDOWS\system32\profapi.dll
0x0000000067b50000 - 0x0000000067b59000 	C:\Program Files\Java\jdk1.8.0_66\jre\bin\dt_socket.dll
0x000007fefb7c0000 - 0x000007fefb7d5000 	C:\WINDOWS\system32\NLAapi.dll
0x000007fef7510000 - 0x000007fef7525000 	C:\WINDOWS\system32\napinsp.dll
0x000007fef74f0000 - 0x000007fef7509000 	C:\WINDOWS\system32\pnrpnsp.dll
0x000007fefc7d0000 - 0x000007fefc825000 	C:\WINDOWS\System32\mswsock.dll
0x000007fefc650000 - 0x000007fefc6ab000 	C:\WINDOWS\system32\DNSAPI.dll
0x000007fef74c0000 - 0x000007fef74cb000 	C:\WINDOWS\System32\winrnr.dll
0x000007fef74b0000 - 0x000007fef74c0000 	C:\WINDOWS\system32\wshbth.dll
0x000000006d470000 - 0x000000006d496000 	C:\Program Files\Bonjour\mdnsNSP.dll
0x000007fefb460000 - 0x000007fefb487000 	C:\WINDOWS\system32\Iphlpapi.DLL
0x000007fefb450000 - 0x000007fefb45b000 	C:\WINDOWS\system32\WINNSI.DLL
0x000007fefb290000 - 0x000007fefb2e3000 	C:\WINDOWS\System32\fwpuclnt.dll
0x000007fef7530000 - 0x000007fef7538000 	C:\WINDOWS\system32\rasadhlp.dll
0x000007fefc180000 - 0x000007fefc187000 	C:\WINDOWS\System32\wshtcpip.dll
0x00000000646d0000 - 0x00000000646dd000 	C:\Program Files\Java\jdk1.8.0_66\jre\bin\management.dll
0x000000005f2c0000 - 0x000000005f2da000 	C:\Program Files\Java\jdk1.8.0_66\jre\bin\net.dll
0x000007fefc7c0000 - 0x000007fefc7c7000 	C:\WINDOWS\System32\wship6.dll
0x0000000050680000 - 0x0000000050691000 	C:\Program Files\Java\jdk1.8.0_66\jre\bin\nio.dll
0x000007fefc830000 - 0x000007fefc848000 	C:\WINDOWS\system32\CRYPTSP.dll
0x000007fefc530000 - 0x000007fefc577000 	C:\WINDOWS\system32\rsaenh.dll
0x000007fefd3d0000 - 0x000007fefd3ee000 	C:\WINDOWS\system32\USERENV.dll
0x000007fefce90000 - 0x000007fefce9f000 	C:\WINDOWS\system32\CRYPTBASE.dll
0x000007fefb260000 - 0x000007fefb278000 	C:\WINDOWS\system32\dhcpcsvc.DLL
0x000007fefb240000 - 0x000007fefb251000 	C:\WINDOWS\system32\dhcpcsvc6.DLL
0x0000000064750000 - 0x0000000064774000 	C:\Program Files\Java\jdk1.8.0_66\jre\bin\sunec.dll
0x000007fef49f0000 - 0x000007fef4b15000 	C:\WINDOWS\system32\dbghelp.dll

VM Arguments:
jvm_args: -agentlib:jdwp=transport=dt_socket,suspend=y,address=localhost:64147 -Dfile.encoding=Cp1252 
java_command: com.svs.hztb.sm.ServiceManager
java_class_path (initial): D:\Users\skairamk\codebases\hztb\hztb-servicemanager\bin;C:\Users\skairamk\.gradle\caches\modules-2\files-2.1\antlr\antlr\2.7.7\83cd2cd674a217ade95a4bb83a8a14f351f48bd0\antlr-2.7.7.jar;C:\Users\skairamk\.gradle\caches\modules-2\files-2.1\aopalliance\aopalliance\1.0\235ba8b489512805ac13a8f9ea77a1ca5ebe3e8\aopalliance-1.0.jar;C:\Users\skairamk\.gradle\caches\modules-2\files-2.1\com.fasterxml.jackson.core\jackson-annotations\2.6.5\65137ebf85056473b40c311f889601646a7612ba\jackson-annotations-2.6.5.jar;C:\Users\skairamk\.gradle\caches\modules-2\files-2.1\com.fasterxml.jackson.core\jackson-core\2.6.5\334369d7eff497f358b248c171dac0dd62c68f67\jackson-core-2.6.5.jar;C:\Users\skairamk\.gradle\caches\modules-2\files-2.1\com.fasterxml.jackson.core\jackson-databind\2.6.5\d50be1723a09befd903887099ff2014ea9020333\jackson-databind-2.6.5.jar;C:\Users\skairamk\.gradle\caches\modules-2\files-2.1\com.fasterxml\classmate\1.1.0\dbbd699a1486ad0f2ed6f5af6cfed66acacb9056\classmate-1.1.0.jar;C:\Users\skairamk\.gradle\caches\modules-2\files-2.1\com.ganyo\gcm-server\1.0.2\fde5261df0b029db4abcb504e7fc882300285216\gcm-server-1.0.2.jar;C:\Users\skairamk\.gradle\caches\modules-2\files-2.1\com.google.guava\guava\16.0.1\5fa98cd1a63c99a44dd8d3b77e4762b066a5d0c5\guava-16.0.1.jar;C:\Users\skairamk\.gradle\caches\modules-2\files-2.1\com.googlecode.json-simple\json-simple\1.1.1\c9ad4a0850ab676c5c64461a05ca524cdfff59f1\json-simple-1.1.1.jar;C:\Users\skairamk\.gradle\caches\modules-2\files-2.1\com.lmax\disruptor\3.3.0\6925c7787741f6ac1535188ea450f04fa1246acf\disruptor-3.3.0.jar;C:\Users\skairamk\.gradle\caches\modules-2\files-2.1\commons-codec\commons-codec\1.10\4b95f4897fa13f2cd904aee711aeafc0c5295cd8\commons-codec-1.10.jar;C:\Users\skairamk\.gradle\caches\modules-2\files-2.1\commons-io\commons-io\2.4\b1b6ea3b7e4aa4f492509a4952029cd8e48019ad\commons-io-2.4.jar;C:\Users\skairamk\.gradle\caches\modules-2\files-2.1\dom4j\dom4j\1.6.1\5d3ccc056b6f056dbf0dddfdf43894b9065a8f94\dom4j-
Launcher Type: SUN_STANDARD

Environment Variables:
JAVA_HOME=C:\Program Files\Java\jdk1.8.0_66
PATH=C:\Program Files\Java\jdk1.8.0_66\jre\bin;C:/Program Files/Java/jdk1.8.0_66/bin/../jre/bin/server;C:/Program Files/Java/jdk1.8.0_66/bin/../jre/bin;C:/Program Files/Java/jdk1.8.0_66/bin/../jre/lib/amd64;C:\Program Files (x86)\Intel\iCLS Client\;C:\Program Files\Intel\iCLS Client\;C:\WINDOWS\system32;C:\WINDOWS;C:\WINDOWS\System32\Wbem;C:\WINDOWS\System32\WindowsPowerShell\v1.0\;C:\WINDOWS\System32\WindowsPowerShell\v1.0\;C:\Program Files\Intel\Intel(R) Management Engine Components\DAL;C:\Program Files (x86)\Intel\Intel(R) Management Engine Components\DAL;C:\Program Files\Intel\Intel(R) Management Engine Components\IPT;C:\Program Files (x86)\Intel\Intel(R) Management Engine Components\IPT;C:\Program Files\Java\jdk1.8.0_66\bin;C:\Program Files (x86)\Heroku\bin;C:\Program Files (x86)\git\cmd;C:\Program Files (x86)\QuickTime\QTSystem\;D:\Users\skairamk\softwares\apache-maven-3.3.9\bin;C:\Python34;C:\Python34\Scripts;C:\Program Files (x86)\MySQL\MySQL Utilities\;C:\Program Files (x86)\MySQL\MySQL Utilities\Doctrine extensions for PHP\;C:\Program Files (x86)\Skype\Phone\;C:\WINDOWS\system32;
USERNAME=skairamk
OS=Windows_NT
PROCESSOR_IDENTIFIER=Intel64 Family 6 Model 60 Stepping 3, GenuineIntel



---------------  S Y S T E M  ---------------

OS: Windows 7 , 64 bit Build 7601 (6.1.7601.19160)

CPU:total 8 (4 cores per cpu, 2 threads per core) family 6 model 60 stepping 3, cmov, cx8, fxsr, mmx, sse, sse2, sse3, ssse3, sse4.1, sse4.2, popcnt, avx, avx2, aes, clmul, erms, lzcnt, ht, tsc, tscinvbit, bmi1, bmi2

Memory: 4k page, physical 16393404k(5979936k free), swap 40980880k(29801448k free)

vm_info: Java HotSpot(TM) 64-Bit Server VM (25.66-b18) for windows-amd64 JRE (1.8.0_66-b18), built on Nov  9 2015 10:51:13 by "java_re" with MS VC++ 10.0 (VS2010)

time: Thu Apr 14 13:32:50 2016
elapsed time: 362 seconds (0d 0h 6m 2s)

